2024-06-30 18:02:36,196 INFO [31m[1mWARNING: This is a development server. Do not use it in a production deployment. Use a production WSGI server instead.[0m
 * Running on http://127.0.0.1:3001
2024-06-30 18:02:36,196 INFO [33mPress CTRL+C to quit[0m
2024-06-30 18:02:36,199 INFO  * Restarting with stat
2024-06-30 18:02:36,283 ERROR Error binding socket: [Errno 48] Address already in use
2024-06-30 18:02:36,285 WARNING  * Debugger is active!
2024-06-30 18:02:36,292 INFO  * Debugger PIN: 747-016-194
2024-06-30 18:03:11,780 ERROR Error binding socket: [Errno 48] Address already in use
2024-06-30 18:03:59,498 INFO [31m[1mWARNING: This is a development server. Do not use it in a production deployment. Use a production WSGI server instead.[0m
 * Running on http://127.0.0.1:5000
2024-06-30 18:03:59,498 INFO [33mPress CTRL+C to quit[0m
2024-06-30 18:03:59,501 INFO  * Restarting with stat
2024-06-30 18:03:59,579 ERROR Error binding socket: [Errno 48] Address already in use
2024-06-30 18:03:59,581 WARNING  * Debugger is active!
2024-06-30 18:03:59,590 INFO  * Debugger PIN: 747-016-194
2024-06-30 18:04:08,031 ERROR Error binding socket: [Errno 48] Address already in use
2024-06-30 18:05:20,166 INFO [31m[1mWARNING: This is a development server. Do not use it in a production deployment. Use a production WSGI server instead.[0m
 * Running on http://127.0.0.1:6000
2024-06-30 18:05:20,167 INFO [33mPress CTRL+C to quit[0m
2024-06-30 18:05:20,169 INFO  * Restarting with stat
2024-06-30 18:05:20,250 ERROR Error binding socket: [Errno 48] Address already in use
2024-06-30 18:05:20,252 WARNING  * Debugger is active!
2024-06-30 18:05:20,260 INFO  * Debugger PIN: 747-016-194
2024-06-30 18:05:31,760 ERROR Error binding socket: [Errno 48] Address already in use
